No.0 inf: danihinííʼ lemma: anííʼ feat: PSS1P my_ans: anʼ PSS1P;N;PSS1S weight: 0.0001
No.1 inf: yiilwozh lemma: yiłhozh feat: V;REAL;IPFV/PROG;1;DU/PL my_ans: yiłwh V;REAL;IPFV/PROG;PL;DU/PL;4;1 weight: 0.0001
No.2 inf: íisdįįd lemma: ííłdįįh feat: V;REAL;PFV/PRF;3;SG/DU/PL my_ans: aisdįįd V;REAL;SG;IPFV/PROG;2 weight: 0.0000
No.3 inf: iijííd lemma: iizhííd feat: V;REAL;IPFV/PROG;1;DU/PL my_ans: ajíd V;REAL;SG;IPFV/PROG;DU/PL;1 weight: 0.0000
No.4 inf: iiłtʼááh lemma: iiłtʼááh feat: V;REAL;IPFV/PROG;3;SG/DU/PL my_ans: ałtááh V;REAL;SG;IPFV/PROG;DU/PL;1 weight: 0.0000
No.5 inf: hadasoołʼéél lemma: haiłʼeeł feat: V;REAL;PFV/PRF;2;PL my_ans: adasoołʼé N;PSS4;PSS2S weight: 0.0000
No.6 inf: shílánééz lemma: álánééz feat: N;PSS1S my_ans: íz N;PSS1S;PSS2P weight: 0.0000
No.7 inf: łitsxo lemma: łitsxo feat: V;REAL;PFV/PRF;3;SG/DU/PL my_ans: łixo V;REAL;PFV/PRF;3;PL weight: 0.0001
No.8 inf: hadeikʼę́ę́h lemma: haikʼę́ę́h feat: V;REAL;IPFV/PROG;3;PL my_ans: haikʼę́h V;REAL;SG;IPFV/PROG;3;PL;1 weight: 0.0000
No.9 inf: ádadoohnííł lemma: átʼį́ feat: V;REAL;PROSP;2;PL my_ans: ádadoohnííł V;REAL;SG;IPFV/PROG;2 weight: 0.0000
No.10 inf: anááʼ lemma: binááʼ feat: N;PSS0 my_ans: anáʼ N;PSS3 weight: 0.0000
No.11 inf: adadoohʼoł lemma: iiʼeeł feat: V;REAL;PROSP;2;PL my_ans: aiʼeeł V;REAL;DU/PL;2;1;PROSP weight: 0.0001
No.12 inf: nikeeʼ lemma: ké feat: N;PSS2S my_ans: aʼ PSS2D;N;PSS2S weight: 0.0033
No.13 inf: jiłtʼááh lemma: yiłtʼááh feat: V;REAL;IPFV/PROG;4;SG/DU/PL my_ans: yiłtááh SG/DU/PL;V;REAL;SG;IPFV/PROG;4;1 weight: 0.0000
No.14 inf: nahideeshnih lemma: nayiiłniih feat: V;REAL;PROSP;1;SG my_ans: bahideeshnih V;REAL;SG;N;PFV/PRF;2;PSS2S weight: 0.0000
No.15 inf: nideiichʼid lemma: neichʼid feat: V;REAL;IPFV/PROG;1;PL my_ans: adeiiid V;REAL;N;PFV/PRF;PL;4;PSS2S weight: 0.0000
No.16 inf: yishtʼééh lemma: yiłtʼééh feat: V;REAL;IPFV/PROG;1;SG my_ans: yitéh V;REAL;SG;IPFV/PROG;3;PL;1 weight: 0.0003
No.17 inf: haiilzhóóʼ lemma: haishóóh feat: V;REAL;PFV/PRF;1;DU/PL my_ans: haiłóóh V;REAL;SG;IPFV/PROG;PFV/PRF;DU/PL;2;1 weight: 0.0003
No.18 inf: ániʼ lemma: shíniʼ feat: N;PSS0 my_ans: ánʼ N;PSS3 weight: 0.0001
No.19 inf: sookʼééd lemma: yikʼeed feat: V;REAL;PFV/PRF;2;DU/PL my_ans: yik V;REAL;N;PSS4;PFV/PRF;DU/PL;2 weight: 0.0001
No.20 inf: bikʼídínídiz lemma: yikʼíididis feat: V;REAL;PFV/PRF;2;SG my_ans: akʼídíníiz SG/DU/PL;PSS3;V;REAL;N;PFV/PRF;4 weight: 0.0000
No.21 inf: dazhdooldlosh lemma: yildlóósh feat: V;REAL;PROSP;4;PL my_ans: yiyiildloh V;REAL;IPFV/PROG;PL;DU/PL;4;1;PROSP weight: 0.0000
No.22 inf: ndadiiljoł lemma: neiłjooł feat: V;REAL;PROSP;1;PL my_ans: neiłjʼoł V;REAL;SG;PFV/PRF;PL;2;1;PROSP weight: 0.0001
No.23 inf: woołtʼóód lemma: yiltʼood feat: V;REAL;PFV/PRF;2;DU/PL my_ans: yiyiiłʼood V;REAL;IPFV/PROG;PFV/PRF;DU/PL;2;1 weight: 0.0000
No.24 inf: daoołchxǫʼ lemma: yiłchxǫǫh feat: V;REAL;PFV/PRF;2;PL my_ans: yiłchxǫʼ V;REAL;PFV/PRF;PL;2 weight: 0.0000
No.25 inf: yiilzhóóʼ lemma: yilzhóóh feat: V;REAL;PFV/PRF;1;DU/PL my_ans: yiłóóh V;REAL;SG;IPFV/PROG;PFV/PRF;DU/PL;2;1 weight: 0.0007
No.26 inf: deiijį́į́h lemma: yiijį́į́h feat: V;REAL;IPFV/PROG;1;PL my_ans: yíł V;REAL;IPFV/PROG;PFV/PRF;PL;1 weight: 0.0001
No.27 inf: ashiichʼąh lemma: iichʼąh feat: V;REAL;PFV/PRF;1;DU/PL my_ans: achʼąh V;REAL;PFV/PRF;DU/PL;1 weight: 0.0000
No.28 inf: adasooteel lemma: iiteeł feat: V;REAL;PFV/PRF;2;PL my_ans: iiteel V;REAL;PFV/PRF;PL;2 weight: 0.0000
No.29 inf: danihijaaʼ lemma: shijaaʼ feat: PSS2P my_ans: aʼ PSS1P;N;PSS2D weight: 0.0013
No.30 inf: naashdá lemma: naadá feat: V;REAL;IPFV/PROG;1;SG my_ans: neidá V;REAL;SG;IPFV/PROG;1 weight: 0.0001
No.31 inf: ndadoołchiił lemma: naalchiʼ feat: V;REAL;PROSP;2;PL my_ans: naalchiił V;REAL;SG;PFV/PRF;PL;2;PROSP weight: 0.0000
No.32 inf: hadaneeshchaad lemma: hainiłchaad feat: V;REAL;PFV/PRF;3;PL my_ans: adaneeshchd N;PSS4;PSS2S weight: 0.0000
No.33 inf: nigąąstsiin lemma: agąąstsiin feat: N;PSS2S my_ans: agąąstsin N;PSS2S weight: 0.0000
No.34 inf: dajizkʼééd lemma: yikʼeed feat: V;REAL;PFV/PRF;4;PL my_ans: yik V;REAL;N;PSS4;PFV/PRF;PL;4 weight: 0.0001
No.35 inf: ndadooljoł lemma: naaljooł feat: V;REAL;PROSP;3;PL my_ans: neiljʼoł V;REAL;SG;PFV/PRF;PL;2;PROSP weight: 0.0000
No.36 inf: síníghas lemma: yiyiighas feat: V;REAL;PFV/PRF;2;SG my_ans: yighs V;REAL;SG;IPFV/PROG;PFV/PRF;3;PL;2 weight: 0.0000
No.37 inf: hasínítih lemma: haatih feat: V;REAL;PFV/PRF;2;SG my_ans: asínítih V;REAL;SG;N;PSS4;PFV/PRF;2 weight: 0.0000
No.38 inf: daʼjisłį́į́ʼ lemma: ałeeh feat: V;REAL;PFV/PRF;4;PL my_ans: ʼjisłį́ V;OPT;REAL;SG;PFV/PRF;3;PL;2 weight: 0.0000
No.39 inf: dasiidéél lemma: yideeł feat: V;REAL;PFV/PRF;1;PL my_ans: yidé V;REAL;N;PFV/PRF;PL;1;PSS2S weight: 0.0000
No.40 inf: dajitiih lemma: yitiih feat: V;REAL;IPFV/PROG;4;PL my_ans: yitih V;REAL;IPFV/PROG;PL;DU/PL;2;4 weight: 0.0001
No.41 inf: kééhohtʼį́ lemma: kééhatʼį́ feat: V;REAL;PFV/PRF;2;DU/PL my_ans: kééhó V;REAL;IPFV/PROG;PL;2 weight: 0.0000
No.42 inf: danihikeeʼ lemma: bikeeʼ feat: PSS1P my_ans: aʼ PSS1P;N;PSS2D weight: 0.0013
No.43 inf: hosélį́į́ʼ lemma: haleeh feat: V;REAL;PFV/PRF;1;SG my_ans: oséį́ SG/DU/PL;V;REAL;N;PSS4;PFV/PRF;4 weight: 0.0000
No.44 inf: łinishkizh lemma: łikizh feat: V;REAL;PFV/PRF;1;SG my_ans: łshkizh V;REAL;IPFV/PROG;PFV/PRF;DU/PL;2;1 weight: 0.0000
No.45 inf: yishyá lemma: yilyé feat: V;REAL;PFV/PRF;1;SG my_ans: yi SG/DU/PL;V;REAL;SG;IPFV/PROG;PFV/PRF;4;1 weight: 0.0026
No.46 inf: wohʼį́ lemma: yooʼį́ feat: V;REAL;PFV/PRF;2;DU/PL my_ans: yiíłʼį́ V;REAL;SG;IPFV/PROG;DU/PL;2;1 weight: 0.0007
No.47 inf: soołdin lemma: yiłdin feat: V;REAL;PFV/PRF;2;DU/PL my_ans: yiłdn V;REAL;N;PFV/PRF;DU/PL;2;PSS2S weight: 0.0000
No.48 inf: ndaatłíísh lemma: naatłíísh feat: V;REAL;IPFV/PROG;3;PL my_ans: neitísh V;REAL;IPFV/PROG;PL;2;1 weight: 0.0001
No.49 inf: adeidoołtʼih lemma: iiłtʼééh feat: V;REAL;PROSP;3;PL my_ans: iidtʼiʼ V;REAL;IPFV/PROG;3;PL;2;PROSP weight: 0.0000
No.50 inf: jizǫ́ǫ́s lemma: yizǫ́ǫ́s feat: V;REAL;IPFV/PROG;4;SG/DU/PL my_ans: yiǫ́ǫ́s SG/DU/PL;V;REAL;SG;IPFV/PROG;PFV/PRF;2;4 weight: 0.0000
No.51 inf: bitsʼóóz lemma: atsʼóóz feat: N;PSS3 my_ans: atsʼóóz N;PSS3 weight: 0.0000
No.52 inf: deíjááh lemma: yoojih feat: V;REAL;PFV/PRF;3;PL my_ans: yijáh V;REAL;IPFV/PROG;PFV/PRF;3;PL weight: 0.0000
No.53 inf: ninéiitʼash lemma: naaghá feat: V;REAL;ITER;1;DU/PL my_ans: anéiitsh V;REAL;N;PFV/PRF;DU/PL;1;PSS2S weight: 0.0000
No.54 inf: neidooleeł lemma: neilé feat: V;REAL;PROSP;3;SG/DU/PL my_ans: neileł SG/DU/PL;V;REAL;IPFV/PROG;3;DU/PL;2;PROSP weight: 0.0001
No.55 inf: haiikʼęęʼ lemma: haikʼę́ę́h feat: V;REAL;PFV/PRF;1;DU/PL my_ans: aiięęh V;REAL;SG;N;PSS4;PFV/PRF;2 weight: 0.0000
No.56 inf: ndiidził lemma: neiziid feat: V;REAL;PROSP;1;DU/PL my_ans: naazííd V;REAL;SG;DU/PL;2;1;PROSP weight: 0.0003
No.57 inf: deeshzhoh lemma: yilzhóóh feat: V;REAL;PROSP;1;SG my_ans: yiłzhoh V;REAL;SG;1;PROSP weight: 0.0000
No.58 inf: dadziʼiz lemma: yiʼiz feat: V;REAL;PFV/PRF;4;PL my_ans: digziʼz PSS3;V;REAL;N;PFV/PRF;3;PL weight: 0.0000
No.59 inf: nidashoochʼąąʼ lemma: neichʼąąh feat: V;REAL;PFV/PRF;2;PL my_ans: adashhʼąąh V;REAL;N;PFV/PRF;DU/PL;2;PSS2S weight: 0.0000
No.60 inf: shiʼáád lemma: aʼáád feat: N;PSS1S my_ans: ád V;REAL;SG;IPFV/PROG;N;1;PSS1S weight: 0.0010
No.61 inf: diidlid lemma: yidiłid feat: V;REAL;PFV/PRF;1;DU/PL my_ans: idld V;OPT;N;PSS4;PL;1;ARGAC3S weight: 0.0000
No.62 inf: daʼahiigą́ lemma: ahigą́ feat: V;REAL;IPFV/PROG;1;PL my_ans: ʼahiiǵ V;OPT;REAL;IPFV/PROG;3;PL;DU/PL;1 weight: 0.0000
No.63 inf: yiłbéézh lemma: yiłbéézh feat: V;REAL;IPFV/PROG;3;SG/DU/PL my_ans: ałbézh SG/DU/PL;V;REAL;N;PSS4;PFV/PRF;3;ARGAC3S weight: 0.0000
No.64 inf: hayid lemma: ayid feat: N;PSS4 my_ans: ayd N;ARGAC3S;PSS4 weight: 0.0000
No.65 inf: náhólnih lemma: halneʼ feat: V;REAL;ITER;2;SG my_ans: yiólnih V;REAL;SG;PFV/PRF;DU/PL;2;ITER weight: 0.0000
No.66 inf: joolnóód lemma: yilnood feat: V;REAL;PFV/PRF;4;SG/DU/PL my_ans: yilntsóód SG/DU/PL;V;REAL;IPFV/PROG;PFV/PRF;DU/PL;2;4 weight: 0.0000
No.67 inf: ndadoołmas lemma: neiłmaas feat: V;REAL;PROSP;2;PL my_ans: nałmaas SG/DU/PL;V;REAL;PFV/PRF;3;PL;PROSP weight: 0.0000
No.68 inf: nitłeeh lemma: yitłeeh feat: V;REAL;IPFV/PROG;2;SG my_ans: ateeh V;REAL;IPFV/PROG;N;DU/PL;2;PSS2S weight: 0.0003
No.69 inf: chʼíjíʼaash lemma: chʼéghááh feat: V;REAL;IPFV/PROG;4;PL my_ans: chʼíjíghá V;REAL;IPFV/PROG;3;PL weight: 0.0000
No.70 inf: deidoodził lemma: yidzííd feat: V;REAL;PROSP;3;PL my_ans: yizííd V;REAL;SG;3;PL;2;PROSP weight: 0.0007
No.71 inf: náhkwi lemma: nákwi feat: V;REAL;IPFV/PROG;2;DU/PL my_ans: yikwi V;REAL;DU/PL;2;ITER weight: 0.0000
No.72 inf: nizhí lemma: azhí feat: N;PSS2S my_ans: aí N;PSS1S;PSS2S weight: 0.0033
No.73 inf: díníibįįł lemma: nidaah feat: V;REAL;PROSP;1;PL my_ans: diih V;REAL;SG;PFV/PRF;DU/PL;2;PROSP weight: 0.0000
No.74 inf: iiʼnaʼ lemma: iiʼnééh feat: V;REAL;PFV/PRF;1;DU/PL my_ans: nééh V;REAL;PFV/PRF;PL;1 weight: 0.0054
No.75 inf: dayííłąąd lemma: yiłąąh feat: V;REAL;PFV/PRF;3;PL my_ans: yiąąh V;REAL;PFV/PRF;3;PL;DU/PL;2 weight: 0.0013
No.76 inf: nídasiikwi lemma: nákwi feat: V;REAL;PFV/PRF;1;PL my_ans: nákwi V;REAL;PFV/PRF;PL;1 weight: 0.0000
No.77 inf: ndazhdoolʼaał lemma: naalʼaʼ feat: V;REAL;PROSP;4;PL my_ans: neilał V;REAL;IPFV/PROG;PL;DU/PL;4;1;PROSP weight: 0.0001
No.78 inf: niʼáád lemma: shiʼáád feat: N;PSS2S my_ans: aád V;REAL;SG;IPFV/PROG;N;1;PSS2S weight: 0.0033
No.79 inf: díínááł lemma: yighááh feat: V;REAL;PROSP;2;SG my_ans: dináł V;REAL;SG;IPFV/PROG;PFV/PRF;DU/PL;2;1 weight: 0.0000
No.80 inf: sélįh lemma: yiyiilįh feat: V;REAL;PFV/PRF;1;SG my_ans: yilįh V;REAL;SG;PFV/PRF;1 weight: 0.0000
No.81 inf: yínídziid lemma: yidzííd feat: V;REAL;PFV/PRF;2;SG my_ans: yidiid V;REAL;SG;PFV/PRF;2;1 weight: 0.0003
No.82 inf: nishteel lemma: nteel feat: V;REAL;PFV/PRF;1;SG my_ans: nilteel V;REAL;SG;IPFV/PROG;1 weight: 0.0000
No.83 inf: ndasiilʼaʼ lemma: neiłʼaʼ feat: V;REAL;PFV/PRF;1;PL my_ans: nasiilaʼ PSS3;V;REAL;N;PFV/PRF;3;PL weight: 0.0000
No.84 inf: nihílaʼ lemma: bílaʼ feat: N;PSS2D my_ans: aʼ N;PSS2S;PSS2P weight: 0.0033
No.85 inf: ndadiiltʼih lemma: neiłtʼiʼ feat: V;REAL;PROSP;1;PL my_ans: neiłtʼih V;REAL;SG;PFV/PRF;PL;2;1;PROSP weight: 0.0000
No.86 inf: ílzhish lemma: alzhish feat: V;REAL;IPFV/PROG;2;SG my_ans: alzhih V;REAL;SG;IPFV/PROG;DU/PL;2;1 weight: 0.0000
No.87 inf: dazhdoochah lemma: yicha feat: V;REAL;PROSP;4;PL my_ans: yidoechééh SG/DU/PL;V;REAL;IPFV/PROG;3;PL;4;PROSP weight: 0.0000
No.88 inf: joolóós lemma: yoolóós feat: V;REAL;PFV/PRF;4;SG/DU/PL my_ans: yilóós SG/DU/PL;V;REAL;SG;IPFV/PROG;PFV/PRF;2;4 weight: 0.0000
No.89 inf: daʼsiilį́į́ʼ lemma: ałeeh feat: V;REAL;PFV/PRF;1;PL my_ans: ʼsiiį́ SG/DU/PL;V;OPT;REAL;PFV/PRF;3;PL;4 weight: 0.0000
No.90 inf: dasiidlí lemma: yidlóóh feat: V;REAL;PFV/PRF;1;PL my_ans: yidí V;REAL;N;PFV/PRF;PL;1;PSS2S weight: 0.0000
No.91 inf: nijizką́ lemma: neiká feat: V;REAL;PFV/PRF;4;SG/DU/PL my_ans: naaká SG/DU/PL;V;REAL;IPFV/PROG;PFV/PRF;3;4 weight: 0.0007
No.92 inf: deiłjįzh lemma: yiłjįzh feat: V;REAL;IPFV/PROG;3;PL my_ans: yłjįh V;REAL;IPFV/PROG;N;PL;1;PSS2S weight: 0.0000
No.93 inf: nizhdoonih lemma: neiniih feat: V;REAL;PROSP;4;SG/DU/PL my_ans: neinih SG/DU/PL;V;REAL;SG;PFV/PRF;2;4;PROSP weight: 0.0000
No.94 inf: yiigaii lemma: yiigááh feat: V;REAL;PFV/PRF;3;SG/DU/PL my_ans: yooi V;REAL;N;PFV/PRF;DU/PL;PSS2D;1 weight: 0.0010
No.95 inf: nidaalchʼąął lemma: naalchʼąął feat: V;REAL;IPFV/PROG;3;PL my_ans: adaalchąął V;REAL;IPFV/PROG;N;DU/PL;1;PSS2S weight: 0.0000
No.96 inf: nisiiltsooz lemma: neiłtsoos feat: V;REAL;PFV/PRF;1;DU/PL my_ans: neiltsoos SG/DU/PL;V;REAL;PFV/PRF;3;DU/PL;1 weight: 0.0000
No.97 inf: yishchį́ lemma: yiłchí feat: V;REAL;PFV/PRF;3;SG/DU/PL my_ans: yichį́ V;REAL;SG;IPFV/PROG;1 weight: 0.0000
No.98 inf: nidajiné lemma: naané feat: V;REAL;IPFV/PROG;4;PL my_ans: neiné V;REAL;IPFV/PROG;PL;4 weight: 0.0000
No.99 inf: yímááz lemma: yimáás feat: V;REAL;PFV/PRF;1;SG my_ans: ááás V;REAL;N;PSS4;PFV/PRF;DU/PL;2;ARGAC3S weight: 0.0007
language: navajo 正确率（仅匹配lemma）： 0.0200
