No.0 inf: переустроишь lemma: переустроить feat: V;FUT;2;SG my_ans: переустроить SG;2;V;FUT weight: 0.0000
No.1 inf: диагностами lemma: диагност feat: N;INS;PL my_ans: диагност PL;N;INS weight: 0.0000
No.2 inf: улёгшись lemma: улечься feat: V.CVB;PST my_ans: улёгшаться SG;2;V;IMP weight: 0.0000
No.3 inf: приостановлю lemma: приостановить feat: V;FUT;1;SG my_ans: приостановлю  weight: 0.0000
No.4 inf: сербско-хорватских lemma: сербско-хорватский feat: ADJ;GEN;PL my_ans: сербско-хорватский PL;ADJ;ANIM;ACC weight: 0.0000
No.5 inf: установленных lemma: установленный feat: ADJ;ACC;ANIM;PL my_ans: установленный PL;ADJ;ANIM;ACC weight: 0.0000
No.6 inf: педагогом lemma: педагог feat: N;INS;SG my_ans: педагогий ESS;SG;MASC;ADJ weight: 0.0000
No.7 inf: утопия lemma: утопия feat: N;NOM;SG my_ans: утопие N;PL;ACC weight: 0.0000
No.8 inf: кубинкам lemma: кубинка feat: N;DAT;PL my_ans: кубинк DAT;N;PL weight: 0.0000
No.9 inf: лукового lemma: луковый feat: ADJ;GEN;MASC;SG my_ans: луковый ANIM;SG;ADJ;ACC;MASC weight: 0.0000
No.10 inf: обличьями lemma: обличье feat: N;INS;PL my_ans: обличье PL;N;INS weight: 0.0000
No.11 inf: анамнезам lemma: анамнез feat: N;DAT;PL my_ans: анамнез DAT;N;PL weight: 0.0000
No.12 inf: сооружай lemma: сооружать feat: V;IMP;2;SG my_ans: сооружая N;PL;GEN weight: 0.0000
No.13 inf: электронном сообщении lemma: электронное сообщение feat: N;ESS;SG my_ans: электронном сообщения N;PL;ACC weight: 0.0000
No.14 inf: вирусологией lemma: вирусология feat: N;INS;SG my_ans: вирусологиий SG;FEM;ADJ;INS weight: 0.0000
No.15 inf: афганкой lemma: афганка feat: N;INS;SG my_ans: афганкый SG;DAT;FEM;ADJ weight: 0.0000
No.16 inf: собранному lemma: собранный feat: ADJ;DAT;MASC;SG my_ans: собранний SG;DAT;ADJ;MASC weight: 0.0000
No.17 inf: самобытного lemma: самобытный feat: ADJ;GEN;MASC;SG my_ans: самобытный ANIM;SG;ADJ;ACC;MASC weight: 0.0000
No.18 inf: танкодроме lemma: танкодром feat: N;ESS;SG my_ans: танкодромй PL;INAN;ADJ;ACC weight: 0.0000
No.19 inf: танку lemma: танк feat: N;DAT;SG my_ans: танчь 1;SG;V;FUT weight: 0.0000
No.20 inf: шумной lemma: шумный feat: ADJ;DAT;FEM;SG my_ans: шумный SG;DAT;FEM;ADJ weight: 0.0000
No.21 inf: панголинами lemma: панголин feat: N;INS;PL my_ans: панголин PL;N;INS weight: 0.0000
No.22 inf: поёжься lemma: поёжиться feat: V;IMP;2;SG my_ans: поёжьься SG;3;V;FUT weight: 0.0000
No.23 inf: пресечение lemma: пресечение feat: N;ACC;SG my_ans: пресечений PL;INAN;ADJ;ACC weight: 0.0000
No.24 inf: неудобную lemma: неудобный feat: ADJ;ACC;FEM;SG my_ans: неудобний SG;FEM;ADJ;ACC weight: 0.0000
No.25 inf: футбольный lemma: футбольный feat: ADJ;INAN;ACC;MASC;SG my_ans: футбольныя N;PL;GEN weight: 0.0000
No.26 inf: облепите lemma: облепить feat: V;FUT;2;PL my_ans: облепуть PL;2;V;IMP weight: 0.0000
No.27 inf: беспочвенные lemma: беспочвенный feat: ADJ;NOM;PL my_ans: беспочвенный PL;INAN;ADJ;ACC weight: 0.0000
No.28 inf: парий lemma: пария feat: N;GEN;PL my_ans: пария N;PL;GEN weight: 0.0000
No.29 inf: мотоцикле lemma: мотоцикл feat: N;ESS;SG my_ans: мотоциклй PL;INAN;ADJ;ACC weight: 0.0000
No.30 inf: эстонские lemma: эстонский feat: ADJ;ACC;INAN;PL my_ans: эстонский PL;INAN;ADJ;ACC weight: 0.0000
No.31 inf: трудовой lemma: трудовой feat: ADJ;DAT;FEM;SG my_ans: трудовый SG;DAT;FEM;ADJ weight: 0.0000
No.32 inf: лакированных lemma: лакированный feat: ADJ;ACC;ANIM;PL my_ans: лакированный PL;ADJ;ANIM;ACC weight: 0.0000
No.33 inf: лягушкам lemma: лягушка feat: N;DAT;PL my_ans: лягушк DAT;N;PL weight: 0.0000
No.34 inf: лаженный lemma: ладить feat: V.PTCP;PASS;PST my_ans: лажеть V.PTCP;PST;PASS weight: 0.0000
No.35 inf: однорядных роликовых коньков lemma: однорядный роликовый конёк feat: N;GEN;PL my_ans: однорядных роликовых коньек N;PL;GEN weight: 0.0000
No.36 inf: содомитом lemma: содомит feat: N;INS;SG my_ans: содомитий ESS;SG;MASC;ADJ weight: 0.0000
No.37 inf: разъясняла lemma: разъяснять feat: V;PST;SG;FEM my_ans: разъяснять SG;FEM;PST;V weight: 0.0000
No.38 inf: горделивые lemma: горделивый feat: ADJ;ACC;INAN;PL my_ans: горделивый PL;INAN;ADJ;ACC weight: 0.0000
No.39 inf: подразделяйтесь lemma: подразделяться feat: V;IMP;2;PL my_ans: подразделяться PL;2;V;IMP weight: 0.0000
No.40 inf: беспризорным lemma: беспризорный feat: ADJ;INS;NEUT;SG my_ans: беспризорный PL;DAT;ADJ weight: 0.0000
No.41 inf: алмазным lemma: алмазный feat: ADJ;INS;NEUT;SG my_ans: алмазный PL;DAT;ADJ weight: 0.0000
No.42 inf: обнародовали lemma: обнародовать feat: V;PST;PL my_ans: обнародовать PL;PST;V weight: 0.0000
No.43 inf: мошонками lemma: мошонка feat: N;INS;PL my_ans: мошонк PL;N;INS weight: 0.0000
No.44 inf: боеголовкам lemma: боеголовка feat: N;DAT;PL my_ans: боеголовк DAT;N;PL weight: 0.0000
No.45 inf: абсентом lemma: абсент feat: N;INS;SG my_ans: абсентий ESS;SG;MASC;ADJ weight: 0.0000
No.46 inf: заколов lemma: заколоть feat: V.CVB;PST my_ans: закол N;PL;ANIM;ACC weight: 0.0000
No.47 inf: отмены lemma: отмена feat: N;NOM;PL my_ans: отмен N;PL;ACC weight: 0.0000
No.48 inf: оловоносны lemma: оловоносный feat: ADJ;PL;LGSPEC1 my_ans: оловоносн N;PL;ACC weight: 0.0000
No.49 inf: знаменательными lemma: знаменательный feat: ADJ;INS;PL my_ans: знаменательной PL;ADJ;INS weight: 0.0000
No.50 inf: аллитерацией lemma: аллитерация feat: N;INS;SG my_ans: аллитерациий SG;FEM;ADJ;INS weight: 0.0000
No.51 inf: интерактивных lemma: интерактивный feat: ADJ;ACC;ANIM;PL my_ans: интерактивный PL;ADJ;ANIM;ACC weight: 0.0000
No.52 inf: наукоёмкой lemma: наукоёмкий feat: ADJ;DAT;FEM;SG my_ans: наукоёмкый SG;DAT;FEM;ADJ weight: 0.0000
No.53 inf: высокохудожественным lemma: высокохудожественный feat: ADJ;DAT;PL my_ans: высокохудожественный PL;DAT;ADJ weight: 0.0000
No.54 inf: амины lemma: амин feat: N;NOM;PL my_ans: амин N;PL;ACC weight: 0.0000
No.55 inf: арендующий lemma: арендовать feat: V.PTCP;ACT;PRS my_ans: арендующия N;PL;GEN weight: 0.0000
No.56 inf: устричных lemma: устричный feat: ADJ;ACC;ANIM;PL my_ans: устричной PL;ADJ;ANIM;ACC weight: 0.0000
No.57 inf: горячило lemma: горячить feat: V;PST;SG;NEUT my_ans: горячить NEUT;SG;PST;V weight: 0.0000
No.58 inf: центробежной lemma: центробежный feat: ADJ;ESS;FEM;SG my_ans: центробежный SG;DAT;FEM;ADJ weight: 0.0000
No.59 inf: отсиживать lemma: отсиживать feat: V;NFIN my_ans: отсиж 1;SG;V;FUT weight: 0.0000
No.60 inf: дебет lemma: дебет feat: N;ACC;SG my_ans: дебть SG;3;V;FUT weight: 0.0000
No.61 inf: джинсовых lemma: джинсовый feat: ADJ;ESS;PL my_ans: джинсовой PL;ADJ;ANIM;ACC weight: 0.0000
No.62 inf: бандитским lemma: бандитский feat: ADJ;INS;NEUT;SG my_ans: бандитский PL;DAT;ADJ weight: 0.0000
No.63 inf: издельным lemma: издельный feat: ADJ;INS;NEUT;SG my_ans: издельный PL;DAT;ADJ weight: 0.0000
No.64 inf: экстремальны lemma: экстремальный feat: ADJ;PL;LGSPEC1 my_ans: экстремальн N;PL;ACC weight: 0.0000
No.65 inf: кувыркайтесь lemma: кувыркаться feat: V;IMP;2;PL my_ans: кувыркаться PL;2;V;IMP weight: 0.0000
No.66 inf: угодило lemma: угодить feat: V;PST;SG;NEUT my_ans: угодить NEUT;SG;PST;V weight: 0.0000
No.67 inf: винокура lemma: винокур feat: N;ACC;SG my_ans: винокурый SG;FEM;ADJ;LGSPEC1 weight: 0.0000
No.68 inf: сонаров lemma: сонар feat: N;GEN;PL my_ans: сонар N;PL;ANIM;ACC weight: 0.0000
No.69 inf: сосредоточусь lemma: сосредоточиться feat: V;FUT;1;SG my_ans: сосредототиться 1;SG;V;FUT weight: 0.0000
No.70 inf: составная lemma: составной feat: ADJ;NOM;FEM;SG my_ans: составный SG;FEM;ADJ;NOM weight: 0.0000
No.71 inf: телекомпаниях lemma: телекомпания feat: N;ESS;PL my_ans: телекомпаниь ESS;N;PL weight: 0.0000
No.72 inf: приостанови lemma: приостановить feat: V;IMP;2;SG my_ans: приостановя N;PL;ACC weight: 0.0000
No.73 inf: выкалять lemma: выкалять feat: V;NFIN my_ans: выкалять  weight: 0.0000
No.74 inf: ламантина lemma: ламантин feat: N;GEN;SG my_ans: ламантиный SG;FEM;ADJ;LGSPEC1 weight: 0.0000
No.75 inf: куликам lemma: кулик feat: N;DAT;PL my_ans: кулик DAT;N;PL weight: 0.0000
No.76 inf: кутя lemma: кутить feat: V.CVB;PRS my_ans: куте N;PL;ACC weight: 0.0000
No.77 inf: сатирических lemma: сатирический feat: ADJ;ESS;PL my_ans: сатирический PL;ADJ;ANIM;ACC weight: 0.0000
No.78 inf: целым lemma: целый feat: ADJ;INS;MASC;SG my_ans: целый PL;DAT;ADJ weight: 0.0000
No.79 inf: граничу lemma: граничить feat: V;PRS;1;SG my_ans: гранича SG;N;ACC weight: 0.0000
No.80 inf: видовой lemma: видовой feat: ADJ;GEN;FEM;SG my_ans: видовый SG;DAT;FEM;ADJ weight: 0.0000
No.81 inf: испражнялся lemma: испражняться feat: V;PST;SG;MASC my_ans: испражняться SG;MASC;PST;V weight: 0.0000
No.82 inf: разветвлённого lemma: разветвлённый feat: ADJ;GEN;MASC;SG my_ans: разветвлённый ANIM;SG;ADJ;ACC;MASC weight: 0.0000
No.83 inf: швыряем lemma: швырять feat: V;PRS;1;PL my_ans: швыряей PL;DAT;ADJ weight: 0.0000
No.84 inf: моторен lemma: моторный feat: ADJ;MASC;SG;LGSPEC1 my_ans: моторный SG;MASC;ADJ;LGSPEC1 weight: 0.0000
No.85 inf: инерцией lemma: инерция feat: N;INS;SG my_ans: инерциий SG;FEM;ADJ;INS weight: 0.0000
No.86 inf: посеребри lemma: посеребрить feat: V;IMP;2;SG my_ans: посеребря N;PL;ACC weight: 0.0000
No.87 inf: расчётное lemma: расчётный feat: ADJ;ACC;NEUT;SG my_ans: расчётний NEUT;SG;ADJ;ACC weight: 0.0000
No.88 inf: поповича lemma: попович feat: N;ACC;SG my_ans: поповичый SG;FEM;ADJ;LGSPEC1 weight: 0.0000
No.89 inf: жителе lemma: житель feat: N;ESS;SG my_ans: жителй PL;INAN;ADJ;ACC weight: 0.0000
No.90 inf: ледниковым lemma: ледниковый feat: ADJ;INS;NEUT;SG my_ans: ледниковый PL;DAT;ADJ weight: 0.0000
No.91 inf: всемогущем lemma: всемогущий feat: ADJ;ESS;NEUT;SG my_ans: всемогущей PL;DAT;ADJ weight: 0.0000
No.92 inf: феодальном lemma: феодальный feat: ADJ;ESS;NEUT;SG my_ans: феодальний ESS;SG;MASC;ADJ weight: 0.0000
No.93 inf: талым lemma: талый feat: ADJ;INS;MASC;SG my_ans: талый PL;DAT;ADJ weight: 0.0000
No.94 inf: взимались lemma: взиматься feat: V;PST;PL my_ans: взиматься PL;PST;V weight: 0.0000
No.95 inf: благоуханного lemma: благоуханный feat: ADJ;GEN;NEUT;SG my_ans: благоуханный ANIM;SG;ADJ;ACC;MASC weight: 0.0000
No.96 inf: зачистка lemma: зачистка feat: N;NOM;SG my_ans: зачисток SG;N;GEN weight: 0.0000
No.97 inf: переживаниями lemma: переживание feat: N;INS;PL my_ans: переживание PL;N;INS weight: 0.0000
No.98 inf: общеобразовательного lemma: общеобразовательный feat: ADJ;GEN;MASC;SG my_ans: общеобразовательный ANIM;SG;ADJ;ACC;MASC weight: 0.0000
No.99 inf: истерический lemma: истерический feat: ADJ;INAN;ACC;MASC;SG my_ans: истерическия N;PL;GEN weight: 0.0000
language: russian 正确率（仅匹配lemma）： 0.4300
